2026-03-16 21:09:52,221 - cli.textual_controller - INFO - Nenhuma porta ACM encontrada, usando fallback Linux: /dev/ttyACM0
2026-03-16 21:09:52,222 - cli.textual_controller - INFO - Aplicação Textual iniciada
2026-03-16 21:09:52,238 - cli.textual_controller - ERROR - Erro ao conectar serial /dev/ttyACM0: [Errno 2] could not open port /dev/ttyACM0: [Errno 2] No such file or directory: '/dev/ttyACM0'
2026-03-16 21:09:52,257 - cli.textual_controller - INFO - Telas instaladas, iniciando na validação
2026-03-16 21:10:55,778 - cli.textual_controller - INFO - Nenhuma porta ACM encontrada, usando fallback Linux: /dev/ttyACM0
2026-03-16 21:10:55,778 - cli.textual_controller - INFO - Aplicação Textual iniciada
2026-03-16 21:10:55,792 - cli.textual_controller - ERROR - Erro ao conectar serial /dev/ttyACM0: [Errno 2] could not open port /dev/ttyACM0: [Errno 2] No such file or directory: '/dev/ttyACM0'
2026-03-16 21:10:55,810 - cli.textual_controller - INFO - Telas instaladas, iniciando na validação
2026-03-16 21:11:00,101 - cli.textual_controller - INFO - Tentando navegar para: users
2026-03-16 21:11:00,102 - cli.textual_controller - WARNING - Acesso negado a users - não autenticado
2026-03-16 21:11:00,123 - cli.textual_controller - INFO - Navegado para: login
2026-03-16 21:11:00,638 - cli.textual_controller - INFO - Tentando navegar para: history
2026-03-16 21:11:00,638 - cli.textual_controller - WARNING - Acesso negado a history - não autenticado
2026-03-16 21:11:00,639 - cli.textual_controller - INFO - Navegado para: login
2026-03-16 21:11:01,144 - cli.textual_controller - INFO - Tentando navegar para: profile
2026-03-16 21:11:01,144 - cli.textual_controller - WARNING - Acesso negado a profile - não autenticado
2026-03-16 21:11:01,145 - cli.textual_controller - INFO - Navegado para: login
2026-03-16 21:11:03,037 - cli.textual_controller - INFO - Tentando navegar para: profile
2026-03-16 21:11:03,037 - cli.textual_controller - WARNING - Acesso negado a profile - não autenticado
2026-03-16 21:11:03,038 - cli.textual_controller - INFO - Navegado para: login
2026-03-16 21:11:03,283 - cli.textual_controller - INFO - Tentando navegar para: profile
2026-03-16 21:11:03,283 - cli.textual_controller - WARNING - Acesso negado a profile - não autenticado
2026-03-16 21:11:03,283 - cli.textual_controller - INFO - Navegado para: login
2026-03-16 21:11:03,449 - cli.textual_controller - INFO - Tentando navegar para: profile
2026-03-16 21:11:03,449 - cli.textual_controller - WARNING - Acesso negado a profile - não autenticado
2026-03-16 21:11:03,450 - cli.textual_controller - INFO - Navegado para: login
2026-03-16 21:11:03,616 - cli.textual_controller - INFO - Tentando navegar para: profile
2026-03-16 21:11:03,616 - cli.textual_controller - WARNING - Acesso negado a profile - não autenticado
2026-03-16 21:11:03,617 - cli.textual_controller - INFO - Navegado para: login
2026-03-16 21:11:03,786 - cli.textual_controller - INFO - Tentando navegar para: profile
2026-03-16 21:11:03,786 - cli.textual_controller - WARNING - Acesso negado a profile - não autenticado
2026-03-16 21:11:03,786 - cli.textual_controller - INFO - Navegado para: login
2026-03-16 21:11:03,954 - cli.textual_controller - INFO - Tentando navegar para: profile
2026-03-16 21:11:03,954 - cli.textual_controller - WARNING - Acesso negado a profile - não autenticado
2026-03-16 21:11:03,955 - cli.textual_controller - INFO - Navegado para: login
2026-03-16 21:11:07,939 - cli.views.login_view - INFO - Login realizado com sucesso: admin
2026-03-16 21:11:07,939 - cli.textual_controller - INFO - Login bem-sucedido
2026-03-16 21:11:07,939 - cli.textual_controller - INFO - Tentando navegar para: profile
2026-03-16 21:11:07,961 - cli.textual_controller - INFO - Navegado para: profile
2026-03-16 21:11:16,200 - cli.views.admin_view - INFO - Logout realizado
2026-03-16 21:11:16,201 - cli.textual_controller - INFO - Logout realizado
2026-03-16 21:11:16,202 - cli.textual_controller - INFO - Navegado para: validation
2026-03-16 21:11:28,093 - cli.textual_controller - INFO - Tentando navegar para: users
2026-03-16 21:11:28,093 - cli.textual_controller - WARNING - Acesso negado a users - não autenticado
2026-03-16 21:11:28,094 - cli.textual_controller - INFO - Navegado para: login
2026-03-16 21:11:29,916 - cli.views.login_view - INFO - Login realizado com sucesso: admin
2026-03-16 21:11:29,916 - cli.textual_controller - INFO - Login bem-sucedido
2026-03-16 21:11:29,916 - cli.textual_controller - INFO - Tentando navegar para: users
2026-03-16 21:11:29,930 - cli.textual_controller - INFO - Navegado para: users
2026-03-16 21:17:32,805 - cli.textual_controller - INFO - Nenhuma porta ACM encontrada, usando fallback Linux: /dev/ttyACM0
2026-03-16 21:17:32,805 - cli.textual_controller - INFO - Aplicação Textual iniciada
2026-03-16 21:17:32,820 - cli.textual_controller - ERROR - Erro ao conectar serial /dev/ttyACM0: [Errno 2] could not open port /dev/ttyACM0: [Errno 2] No such file or directory: '/dev/ttyACM0'
2026-03-16 21:17:32,840 - cli.textual_controller - INFO - Telas instaladas, iniciando na validação
2026-03-16 21:17:37,615 - cli.textual_controller - INFO - Tentando navegar para: help
2026-03-16 21:17:37,628 - cli.textual_controller - INFO - Navegado para: help
2026-03-16 21:18:41,567 - cli.textual_controller - INFO - Tentando navegar para: help
2026-03-16 21:18:41,568 - cli.textual_controller - INFO - Navegado para: help
2026-03-16 21:18:42,044 - cli.textual_controller - INFO - Tentando navegar para: validation
2026-03-16 21:18:42,045 - cli.textual_controller - INFO - Navegado para: validation
2026-03-16 21:18:42,974 - cli.textual_controller - INFO - Tentando navegar para: validation
2026-03-16 21:18:42,975 - cli.textual_controller - INFO - Navegado para: validation
2026-03-16 21:18:43,364 - cli.textual_controller - INFO - Tentando navegar para: help
2026-03-16 21:18:43,365 - cli.textual_controller - INFO - Navegado para: help
2026-03-16 21:18:43,947 - cli.textual_controller - INFO - Tentando navegar para: users
2026-03-16 21:18:43,947 - cli.textual_controller - WARNING - Acesso negado a users - não autenticado
2026-03-16 21:18:43,973 - cli.textual_controller - INFO - Navegado para: login
2026-03-16 21:18:44,783 - cli.textual_controller - INFO - Tentando navegar para: history
2026-03-16 21:18:44,783 - cli.textual_controller - WARNING - Acesso negado a history - não autenticado
2026-03-16 21:18:44,784 - cli.textual_controller - INFO - Navegado para: login
2026-03-16 21:18:45,351 - cli.textual_controller - INFO - Tentando navegar para: profile
2026-03-16 21:18:45,351 - cli.textual_controller - WARNING - Acesso negado a profile - não autenticado
2026-03-16 21:18:45,352 - cli.textual_controller - INFO - Navegado para: login
2026-03-16 21:18:45,621 - cli.textual_controller - INFO - Tentando navegar para: profile
2026-03-16 21:18:45,621 - cli.textual_controller - WARNING - Acesso negado a profile - não autenticado
2026-03-16 21:18:45,622 - cli.textual_controller - INFO - Navegado para: login
2026-03-16 21:21:05,897 - cli.textual_controller - INFO - Tentando navegar para: help
2026-03-16 21:21:05,898 - cli.textual_controller - INFO - Navegado para: help
2026-03-16 21:21:06,355 - cli.textual_controller - INFO - Tentando navegar para: validation
2026-03-16 21:21:06,356 - cli.textual_controller - INFO - Navegado para: validation
2026-03-16 21:21:09,094 - cli.textual_controller - INFO - Tentando navegar para: help
2026-03-16 21:21:09,095 - cli.textual_controller - INFO - Navegado para: help
2026-03-16 21:21:15,972 - cli.textual_controller - INFO - Nenhuma porta ACM encontrada, usando fallback Linux: /dev/ttyACM0
2026-03-16 21:21:15,972 - cli.textual_controller - INFO - Aplicação Textual iniciada
2026-03-16 21:21:15,987 - cli.textual_controller - ERROR - Erro ao conectar serial /dev/ttyACM0: [Errno 2] could not open port /dev/ttyACM0: [Errno 2] No such file or directory: '/dev/ttyACM0'
2026-03-16 21:21:16,006 - cli.textual_controller - INFO - Telas instaladas, iniciando na validação
2026-03-16 21:21:18,914 - cli.textual_controller - INFO - Tentando navegar para: validation
2026-03-16 21:21:18,914 - cli.textual_controller - INFO - Navegado para: validation
2026-03-16 21:21:19,439 - cli.textual_controller - INFO - Tentando navegar para: help
2026-03-16 21:21:19,455 - cli.textual_controller - INFO - Navegado para: help
2026-03-16 21:23:14,421 - cli.textual_controller - INFO - Nenhuma porta ACM encontrada, usando fallback Linux: /dev/ttyACM0
2026-03-16 21:23:14,421 - cli.textual_controller - INFO - Aplicação Textual iniciada
2026-03-16 21:23:14,439 - cli.textual_controller - ERROR - Erro ao conectar serial /dev/ttyACM0: [Errno 2] could not open port /dev/ttyACM0: [Errno 2] No such file or directory: '/dev/ttyACM0'
2026-03-16 21:23:14,461 - cli.textual_controller - INFO - Telas instaladas, iniciando na validação
2026-03-16 21:23:16,204 - cli.textual_controller - INFO - Tentando navegar para: help
2026-03-16 21:23:16,222 - cli.textual_controller - INFO - Navegado para: help
2026-03-16 21:23:55,824 - cli.textual_controller - INFO - Tentando navegar para: validation
2026-03-16 21:23:55,825 - cli.textual_controller - INFO - Navegado para: validation
2026-03-16 21:24:37,323 - cli.textual_controller - INFO - Nenhuma porta ACM encontrada, usando fallback Linux: /dev/ttyACM0
2026-03-16 21:24:37,323 - cli.textual_controller - INFO - Aplicação Textual iniciada
2026-03-16 21:24:37,341 - cli.textual_controller - ERROR - Erro ao conectar serial /dev/ttyACM0: [Errno 2] could not open port /dev/ttyACM0: [Errno 2] No such file or directory: '/dev/ttyACM0'
2026-03-16 21:24:37,364 - cli.textual_controller - INFO - Telas instaladas, iniciando na validação
2026-03-16 21:24:38,864 - cli.textual_controller - INFO - Tentando navegar para: help
2026-03-16 21:24:38,883 - cli.textual_controller - INFO - Navegado para: help
2026-03-16 21:25:58,672 - cli.textual_controller - INFO - Nenhuma porta ACM encontrada, usando fallback Linux: /dev/ttyACM0
2026-03-16 21:25:58,672 - cli.textual_controller - INFO - Aplicação Textual iniciada
2026-03-16 21:25:58,687 - cli.textual_controller - ERROR - Erro ao conectar serial /dev/ttyACM0: [Errno 2] could not open port /dev/ttyACM0: [Errno 2] No such file or directory: '/dev/ttyACM0'
2026-03-16 21:25:58,705 - cli.textual_controller - INFO - Telas instaladas, iniciando na validação
2026-03-16 21:26:00,213 - cli.textual_controller - INFO - Tentando navegar para: help
2026-03-16 21:26:00,233 - cli.textual_controller - INFO - Navegado para: help
2026-03-16 21:26:51,344 - cli.textual_controller - INFO - Nenhuma porta ACM encontrada, usando fallback Linux: /dev/ttyACM0
2026-03-16 21:26:51,344 - cli.textual_controller - INFO - Aplicação Textual iniciada
2026-03-16 21:26:51,363 - cli.textual_controller - ERROR - Erro ao conectar serial /dev/ttyACM0: [Errno 2] could not open port /dev/ttyACM0: [Errno 2] No such file or directory: '/dev/ttyACM0'
2026-03-16 21:26:51,382 - cli.textual_controller - INFO - Telas instaladas, iniciando na validação
2026-03-16 21:26:52,732 - cli.textual_controller - INFO - Tentando navegar para: help
2026-03-16 21:26:52,749 - cli.textual_controller - INFO - Navegado para: help
2026-03-16 21:26:52,845 - cli.textual_controller - INFO - Tentando navegar para: validation
2026-03-16 21:26:52,845 - cli.textual_controller - INFO - Navegado para: validation
2026-03-16 21:26:53,342 - cli.textual_controller - INFO - Tentando navegar para: help
2026-03-16 21:26:53,343 - cli.textual_controller - INFO - Navegado para: help
2026-03-16 21:34:35,633 - cli.textual_controller - INFO - Porta serial Linux detectada: /dev/ttyACM0
2026-03-16 21:34:35,633 - cli.textual_controller - INFO - Aplicação Textual iniciada
2026-03-16 21:34:35,653 - cli.textual_controller - ERROR - Erro ao conectar serial /dev/ttyACM0: [Errno 13] could not open port /dev/ttyACM0: [Errno 13] Permission denied: '/dev/ttyACM0'
2026-03-16 21:34:35,675 - cli.textual_controller - INFO - Telas instaladas, iniciando na validação
2026-03-16 21:35:01,632 - cli.textual_controller - INFO - Tentando navegar para: validation
2026-03-16 21:35:01,633 - cli.textual_controller - INFO - Navegado para: validation
2026-03-16 21:35:02,157 - cli.textual_controller - INFO - Tentando navegar para: help
2026-03-16 21:35:02,171 - cli.textual_controller - INFO - Navegado para: help
2026-03-16 21:35:04,865 - cli.textual_controller - INFO - Tentando navegar para: users
2026-03-16 21:35:04,866 - cli.textual_controller - WARNING - Acesso negado a users - não autenticado
2026-03-16 21:35:04,887 - cli.textual_controller - INFO - Navegado para: login
2026-03-16 21:35:08,137 - cli.views.login_view - INFO - Login realizado com sucesso: admin
2026-03-16 21:35:08,138 - cli.textual_controller - INFO - Login bem-sucedido
2026-03-16 21:35:08,138 - cli.textual_controller - INFO - Tentando navegar para: users
2026-03-16 21:35:08,151 - cli.textual_controller - INFO - Navegado para: users
2026-03-16 21:35:15,480 - cli.modals.user_modals - INFO - Usuário adicionado: test (123)
2026-03-16 21:35:16,841 - cli.textual_controller - INFO - Tentando navegar para: validation
2026-03-16 21:35:16,842 - cli.textual_controller - INFO - Navegado para: validation
2026-03-16 21:35:24,097 - cli.textual_controller - INFO - Tentando navegar para: history
2026-03-16 21:35:24,109 - cli.textual_controller - INFO - Navegado para: history
2026-03-16 21:35:24,968 - cli.textual_controller - INFO - Tentando navegar para: profile
2026-03-16 21:35:24,988 - cli.textual_controller - INFO - Navegado para: profile
2026-03-16 21:35:27,251 - cli.textual_controller - ERROR - Erro ao conectar serial /dev/ttyACM0: [Errno 13] could not open port /dev/ttyACM0: [Errno 13] Permission denied: '/dev/ttyACM0'
2026-03-16 21:35:55,350 - cli.textual_controller - INFO - Conectado à porta serial /dev/ttyACM0
2026-03-16 21:35:57,235 - cli.textual_controller - INFO - Conectado à porta serial /dev/ttyACM0
2026-03-16 21:36:03,725 - cli.textual_controller - INFO - Tentando navegar para: validation
2026-03-16 21:36:03,725 - cli.textual_controller - INFO - Navegado para: validation
2026-03-16 21:37:18,898 - cli.textual_controller - INFO - Porta serial Linux detectada: /dev/ttyACM0
2026-03-16 21:37:18,898 - cli.textual_controller - INFO - Aplicação Textual iniciada
2026-03-16 21:37:18,914 - cli.textual_controller - INFO - Conectado à porta serial /dev/ttyACM0
2026-03-16 21:37:18,933 - cli.textual_controller - INFO - Telas instaladas, iniciando na validação
2026-03-16 21:37:20,817 - cli.textual_controller - ERROR - Erro ao enviar serial: 'int' object has no attribute 'encode'
2026-03-16 21:37:31,818 - cli.textual_controller - ERROR - Erro ao enviar serial: 'int' object has no attribute 'encode'
2026-03-16 21:39:00,886 - cli.textual_controller - INFO - Porta serial Linux detectada: /dev/ttyACM0
2026-03-16 21:39:00,886 - cli.textual_controller - INFO - Aplicação Textual iniciada
2026-03-16 21:39:00,901 - cli.textual_controller - INFO - Conectado à porta serial /dev/ttyACM0
2026-03-16 21:39:00,920 - cli.textual_controller - INFO - Telas instaladas, iniciando na validação
2026-03-16 22:24:34,292 - cli.textual_controller - INFO - Porta serial Linux detectada: /dev/ttyACM0
2026-03-16 22:24:34,292 - cli.textual_controller - INFO - Aplicação Textual iniciada
2026-03-16 22:24:34,308 - cli.textual_controller - INFO - Conectado à porta serial /dev/ttyACM0
2026-03-16 22:24:34,327 - cli.textual_controller - INFO - Telas instaladas, iniciando na validação
2026-03-16 22:24:36,294 - cli.textual_controller - INFO - Serial enviado: 1
2026-03-16 22:24:39,880 - cli.textual_controller - INFO - Serial enviado: 1
2026-03-16 22:24:45,296 - cli.textual_controller - INFO - Serial enviado: 0
2026-03-16 22:24:46,296 - cli.textual_controller - INFO - Serial enviado: 0
2026-03-16 22:24:47,297 - cli.textual_controller - INFO - Serial enviado: 0
2026-03-16 22:24:48,296 - cli.textual_controller - INFO - Serial enviado: 0
2026-03-16 22:24:49,296 - cli.textual_controller - INFO - Serial enviado: 0
2026-03-16 22:24:50,296 - cli.textual_controller - INFO - Serial enviado: 0
2026-03-16 22:24:51,297 - cli.textual_controller - INFO - Serial enviado: 0
2026-03-16 22:24:52,236 - cli.textual_controller - INFO - Serial enviado: 1
2026-03-16 22:24:57,296 - cli.textual_controller - INFO - Serial enviado: 0
2026-03-16 22:24:58,297 - cli.textual_controller - INFO - Serial enviado: 0
2026-03-16 22:24:59,296 - cli.textual_controller - INFO - Serial enviado: 0
2026-03-16 22:25:00,296 - cli.textual_controller - INFO - Serial enviado: 0
2026-03-16 22:25:01,296 - cli.textual_controller - INFO - Serial enviado: 0
2026-03-16 22:25:02,296 - cli.textual_controller - INFO - Serial enviado: 0
2026-03-16 22:25:03,296 - cli.textual_controller - INFO - Serial enviado: 0
2026-03-16 22:25:04,296 - cli.textual_controller - INFO - Serial enviado: 0
2026-03-16 22:25:05,296 - cli.textual_controller - INFO - Serial enviado: 0
2026-03-16 22:25:06,296 - cli.textual_controller - INFO - Serial enviado: 0
2026-03-16 22:25:07,296 - cli.textual_controller - INFO - Serial enviado: 0
2026-03-16 22:25:08,296 - cli.textual_controller - INFO - Serial enviado: 0
2026-03-16 22:25:09,296 - cli.textual_controller - INFO - Serial enviado: 0
2026-03-16 22:25:10,296 - cli.textual_controller - INFO - Serial enviado: 0
2026-03-16 22:25:11,296 - cli.textual_controller - INFO - Serial enviado: 0
2026-03-16 22:25:12,297 - cli.textual_controller - INFO - Serial enviado: 0
2026-03-16 22:25:13,296 - cli.textual_controller - INFO - Serial enviado: 0
2026-03-16 22:25:14,297 - cli.textual_controller - INFO - Serial enviado: 0
2026-03-16 22:25:15,296 - cli.textual_controller - INFO - Serial enviado: 0
2026-03-16 22:25:16,297 - cli.textual_controller - INFO - Serial enviado: 0
2026-03-16 22:25:17,297 - cli.textual_controller - INFO - Serial enviado: 0
2026-03-16 22:25:18,296 - cli.textual_controller - INFO - Serial enviado: 0
2026-03-16 22:25:19,296 - cli.textual_controller - INFO - Serial enviado: 0
2026-03-16 22:25:20,296 - cli.textual_controller - INFO - Serial enviado: 0
2026-03-16 22:25:21,296 - cli.textual_controller - INFO - Serial enviado: 0
2026-03-16 22:25:22,296 - cli.textual_controller - INFO - Serial enviado: 0
2026-03-16 22:25:23,295 - cli.textual_controller - INFO - Serial enviado: 0
2026-03-16 22:25:24,296 - cli.textual_controller - INFO - Serial enviado: 0
2026-03-16 22:25:25,297 - cli.textual_controller - INFO - Serial enviado: 0
2026-03-16 22:25:26,296 - cli.textual_controller - INFO - Serial enviado: 0
2026-03-16 22:25:27,297 - cli.textual_controller - INFO - Serial enviado: 0
2026-03-16 22:25:28,296 - cli.textual_controller - INFO - Serial enviado: 0
2026-03-16 22:25:29,296 - cli.textual_controller - INFO - Serial enviado: 0
2026-03-16 22:25:30,295 - cli.textual_controller - INFO - Serial enviado: 0
2026-03-16 22:25:31,296 - cli.textual_controller - INFO - Serial enviado: 0
2026-03-16 22:25:32,296 - cli.textual_controller - INFO - Serial enviado: 0
2026-03-16 22:25:33,296 - cli.textual_controller - INFO - Serial enviado: 0
2026-03-16 22:25:34,296 - cli.textual_controller - INFO - Serial enviado: 0
2026-03-16 22:25:35,296 - cli.textual_controller - INFO - Serial enviado: 0
2026-03-16 22:25:36,296 - cli.textual_controller - INFO - Serial enviado: 0
2026-03-16 22:25:37,296 - cli.textual_controller - INFO - Serial enviado: 0
2026-03-16 22:25:38,296 - cli.textual_controller - INFO - Serial enviado: 0
2026-03-16 22:25:39,296 - cli.textual_controller - INFO - Serial enviado: 0
2026-03-16 22:25:40,296 - cli.textual_controller - INFO - Serial enviado: 0
2026-03-16 22:25:41,296 - cli.textual_controller - INFO - Serial enviado: 0
2026-03-16 22:25:42,295 - cli.textual_controller - INFO - Serial enviado: 0
2026-03-16 22:25:43,296 - cli.textual_controller - INFO - Serial enviado: 0
2026-03-16 22:25:43,482 - cli.textual_controller - INFO - Serial enviado: 1
2026-03-16 22:25:49,296 - cli.textual_controller - INFO - Serial enviado: 0
2026-03-16 22:25:50,296 - cli.textual_controller - INFO - Serial enviado: 0
2026-03-16 22:25:51,296 - cli.textual_controller - INFO - Serial enviado: 0
2026-03-16 22:25:52,296 - cli.textual_controller - INFO - Serial enviado: 0
2026-03-16 22:25:53,297 - cli.textual_controller - INFO - Serial enviado: 0
2026-03-16 22:25:54,297 - cli.textual_controller - INFO - Serial enviado: 0
2026-03-16 22:25:55,296 - cli.textual_controller - INFO - Serial enviado: 0
2026-03-16 22:25:56,296 - cli.textual_controller - INFO - Serial enviado: 0
2026-03-16 22:25:57,296 - cli.textual_controller - INFO - Serial enviado: 0
2026-03-16 22:25:58,296 - cli.textual_controller - INFO - Serial enviado: 0
2026-03-16 22:25:59,297 - cli.textual_controller - INFO - Serial enviado: 0
2026-03-16 22:26:00,296 - cli.textual_controller - INFO - Serial enviado: 0
2026-03-16 22:26:01,296 - cli.textual_controller - INFO - Serial enviado: 0
2026-03-16 22:26:02,296 - cli.textual_controller - INFO - Serial enviado: 0
2026-03-16 22:26:03,296 - cli.textual_controller - INFO - Serial enviado: 0
2026-03-16 22:26:04,295 - cli.textual_controller - INFO - Serial enviado: 0
2026-03-16 22:26:05,296 - cli.textual_controller - INFO - Serial enviado: 0
2026-03-16 22:26:06,296 - cli.textual_controller - INFO - Serial enviado: 0
2026-03-16 22:26:07,297 - cli.textual_controller - INFO - Serial enviado: 0
2026-03-16 22:26:08,296 - cli.textual_controller - INFO - Serial enviado: 0
2026-03-16 22:26:09,296 - cli.textual_controller - INFO - Serial enviado: 0
2026-03-16 22:26:10,295 - cli.textual_controller - INFO - Serial enviado: 0
2026-03-16 22:26:11,296 - cli.textual_controller - INFO - Serial enviado: 0
2026-03-16 22:26:12,296 - cli.textual_controller - INFO - Serial enviado: 0
2026-03-16 22:26:13,296 - cli.textual_controller - INFO - Serial enviado: 0
2026-03-16 22:26:14,296 - cli.textual_controller - INFO - Serial enviado: 0
2026-03-16 22:26:15,297 - cli.textual_controller - INFO - Serial enviado: 0
2026-03-16 22:26:16,296 - cli.textual_controller - INFO - Serial enviado: 0
2026-03-16 22:26:17,296 - cli.textual_controller - INFO - Serial enviado: 0
2026-03-16 22:26:18,295 - cli.textual_controller - INFO - Serial enviado: 0
2026-03-16 22:26:19,296 - cli.textual_controller - INFO - Serial enviado: 0
2026-03-16 22:26:20,296 - cli.textual_controller - INFO - Serial enviado: 0
2026-03-16 22:26:21,296 - cli.textual_controller - INFO - Serial enviado: 0
2026-03-16 22:26:22,296 - cli.textual_controller - INFO - Serial enviado: 0
2026-03-16 22:26:23,296 - cli.textual_controller - INFO - Serial enviado: 0
2026-03-16 22:26:24,296 - cli.textual_controller - INFO - Serial enviado: 0
2026-03-16 22:26:25,296 - cli.textual_controller - INFO - Serial enviado: 0
2026-03-16 22:26:26,296 - cli.textual_controller - INFO - Serial enviado: 0
2026-03-16 22:26:27,296 - cli.textual_controller - INFO - Serial enviado: 0
2026-03-16 22:26:28,297 - cli.textual_controller - INFO - Serial enviado: 0
2026-03-16 22:26:29,296 - cli.textual_controller - INFO - Serial enviado: 0
2026-03-16 22:26:30,296 - cli.textual_controller - INFO - Serial enviado: 0
2026-03-16 22:26:31,296 - cli.textual_controller - INFO - Serial enviado: 0
2026-03-16 22:26:32,296 - cli.textual_controller - INFO - Serial enviado: 0
2026-03-16 22:26:32,728 - cli.textual_controller - INFO - Serial enviado: 0
2026-03-16 22:26:33,296 - cli.textual_controller - INFO - Serial enviado: 0
2026-03-16 22:26:34,296 - cli.textual_controller - INFO - Serial enviado: 0
2026-03-16 22:26:35,296 - cli.textual_controller - INFO - Serial enviado: 0
2026-03-16 22:26:36,296 - cli.textual_controller - INFO - Serial enviado: 0
2026-03-16 22:26:36,806 - cli.textual_controller - INFO - Serial enviado: 0
2026-03-16 22:26:37,295 - cli.textual_controller - INFO - Serial enviado: 0
2026-03-16 22:26:38,297 - cli.textual_controller - INFO - Serial enviado: 0
2026-03-16 22:26:38,654 - cli.textual_controller - INFO - Serial enviado: 0
2026-03-16 22:26:39,296 - cli.textual_controller - INFO - Serial enviado: 0
2026-03-16 22:26:39,702 - cli.textual_controller - INFO - Serial enviado: 0
2026-03-16 22:26:40,228 - cli.textual_controller - INFO - Tentando navegar para: help
2026-03-16 22:26:40,243 - cli.textual_controller - INFO - Navegado para: help
2026-03-16 22:26:40,296 - cli.textual_controller - INFO - Serial enviado: 0
2026-03-16 22:26:40,510 - cli.textual_controller - INFO - Serial enviado: 0
2026-03-16 22:26:40,651 - cli.textual_controller - INFO - Tentando navegar para: help
2026-03-16 22:26:40,652 - cli.textual_controller - INFO - Navegado para: help
2026-03-16 22:26:41,297 - cli.textual_controller - INFO - Serial enviado: 0
2026-03-16 22:26:41,375 - cli.textual_controller - INFO - Serial enviado: 0
2026-03-16 22:26:42,296 - cli.textual_controller - INFO - Serial enviado: 0
2026-03-16 22:26:43,296 - cli.textual_controller - INFO - Serial enviado: 0
2026-03-16 22:26:44,296 - cli.textual_controller - INFO - Serial enviado: 0
2026-03-16 22:26:45,296 - cli.textual_controller - INFO - Serial enviado: 0
2026-03-16 22:26:46,296 - cli.textual_controller - INFO - Serial enviado: 0
2026-03-16 22:26:47,296 - cli.textual_controller - INFO - Serial enviado: 0
2026-03-16 22:26:48,296 - cli.textual_controller - INFO - Serial enviado: 0
2026-03-16 22:26:49,296 - cli.textual_controller - INFO - Serial enviado: 0
2026-03-16 22:26:50,296 - cli.textual_controller - INFO - Serial enviado: 0
2026-03-16 22:26:51,296 - cli.textual_controller - INFO - Serial enviado: 0
2026-03-16 22:26:52,296 - cli.textual_controller - INFO - Serial enviado: 0
2026-03-16 22:26:53,296 - cli.textual_controller - INFO - Serial enviado: 0
2026-03-16 22:26:54,296 - cli.textual_controller - INFO - Serial enviado: 0
2026-03-16 22:26:55,297 - cli.textual_controller - INFO - Serial enviado: 0
2026-03-16 22:26:56,297 - cli.textual_controller - INFO - Serial enviado: 0
2026-03-16 22:26:57,296 - cli.textual_controller - INFO - Serial enviado: 0
2026-03-16 22:26:58,295 - cli.textual_controller - INFO - Serial enviado: 0
2026-03-16 22:26:59,296 - cli.textual_controller - INFO - Serial enviado: 0
2026-03-16 22:27:00,296 - cli.textual_controller - INFO - Serial enviado: 0
2026-03-16 22:27:01,295 - cli.textual_controller - INFO - Serial enviado: 0
2026-03-16 22:27:02,296 - cli.textual_controller - INFO - Serial enviado: 0
2026-03-16 22:27:03,296 - cli.textual_controller - INFO - Serial enviado: 0
2026-03-16 22:27:04,296 - cli.textual_controller - INFO - Serial enviado: 0
2026-03-16 22:27:05,296 - cli.textual_controller - INFO - Serial enviado: 0
2026-03-16 22:27:06,295 - cli.textual_controller - INFO - Serial enviado: 0
2026-03-16 22:27:07,296 - cli.textual_controller - INFO - Serial enviado: 0
2026-03-16 22:27:08,196 - cli.textual_controller - INFO - Tentando navegar para: help
2026-03-16 22:27:08,197 - cli.textual_controller - INFO - Navegado para: help
2026-03-16 22:27:08,296 - cli.textual_controller - INFO - Serial enviado: 0
2026-03-16 22:27:09,296 - cli.textual_controller - INFO - Serial enviado: 0
2026-03-16 22:27:10,296 - cli.textual_controller - INFO - Serial enviado: 0
2026-03-16 22:27:11,296 - cli.textual_controller - INFO - Serial enviado: 0
2026-03-16 22:27:12,296 - cli.textual_controller - INFO - Serial enviado: 0
2026-03-16 22:27:13,296 - cli.textual_controller - INFO - Serial enviado: 0
2026-03-16 22:27:14,296 - cli.textual_controller - INFO - Serial enviado: 0
2026-03-16 22:27:15,296 - cli.textual_controller - INFO - Serial enviado: 0
2026-03-16 22:27:16,296 - cli.textual_controller - INFO - Serial enviado: 0
2026-03-16 22:27:17,296 - cli.textual_controller - INFO - Serial enviado: 0
2026-03-16 22:27:18,296 - cli.textual_controller - INFO - Serial enviado: 0
2026-03-16 22:27:18,759 - cli.textual_controller - INFO - Tentando navegar para: users
2026-03-16 22:27:18,759 - cli.textual_controller - WARNING - Acesso negado a users - não autenticado
2026-03-16 22:27:18,784 - cli.textual_controller - INFO - Navegado para: login
2026-03-16 22:27:19,296 - cli.textual_controller - INFO - Serial enviado: 0
2026-03-16 22:27:20,296 - cli.textual_controller - INFO - Serial enviado: 0
2026-03-16 22:27:21,295 - cli.textual_controller - INFO - Serial enviado: 0
2026-03-16 22:27:22,296 - cli.textual_controller - INFO - Serial enviado: 0
2026-03-16 22:27:23,295 - cli.textual_controller - INFO - Serial enviado: 0
2026-03-16 22:27:24,295 - cli.textual_controller - INFO - Serial enviado: 0
2026-03-16 22:27:25,296 - cli.textual_controller - INFO - Serial enviado: 0
2026-03-16 22:27:26,296 - cli.textual_controller - INFO - Serial enviado: 0
2026-03-16 22:27:27,295 - cli.textual_controller - INFO - Serial enviado: 0
2026-03-16 22:27:28,297 - cli.textual_controller - INFO - Serial enviado: 0
2026-03-16 22:27:28,916 - cli.views.login_view - INFO - Login realizado com sucesso: admin
2026-03-16 22:27:28,916 - cli.textual_controller - INFO - Login bem-sucedido
2026-03-16 22:27:28,917 - cli.textual_controller - INFO - Tentando navegar para: users
2026-03-16 22:27:28,930 - cli.textual_controller - INFO - Navegado para: users
2026-03-16 22:27:29,296 - cli.textual_controller - INFO - Serial enviado: 0
2026-03-16 22:27:30,296 - cli.textual_controller - INFO - Serial enviado: 0
2026-03-16 22:27:31,296 - cli.textual_controller - INFO - Serial enviado: 0
2026-03-16 22:27:32,296 - cli.textual_controller - INFO - Serial enviado: 0
2026-03-16 22:27:33,296 - cli.textual_controller - INFO - Serial enviado: 0
2026-03-16 22:27:34,295 - cli.textual_controller - INFO - Serial enviado: 0
2026-03-16 22:27:35,296 - cli.textual_controller - INFO - Serial enviado: 0
2026-03-16 22:27:36,296 - cli.textual_controller - INFO - Serial enviado: 0
2026-03-16 22:27:37,296 - cli.textual_controller - INFO - Serial enviado: 0
2026-03-16 22:27:38,295 - cli.textual_controller - INFO - Serial enviado: 0
2026-03-16 22:27:39,296 - cli.textual_controller - INFO - Serial enviado: 0
2026-03-16 22:27:40,296 - cli.textual_controller - INFO - Serial enviado: 0
2026-03-16 22:27:41,296 - cli.textual_controller - INFO - Serial enviado: 0
2026-03-16 22:27:42,296 - cli.textual_controller - INFO - Serial enviado: 0
2026-03-16 22:27:43,296 - cli.textual_controller - INFO - Serial enviado: 0
2026-03-16 22:27:44,296 - cli.textual_controller - INFO - Serial enviado: 0
2026-03-16 22:27:45,295 - cli.textual_controller - INFO - Serial enviado: 0
2026-03-16 22:27:46,296 - cli.textual_controller - INFO - Serial enviado: 0
2026-03-16 22:27:47,296 - cli.textual_controller - INFO - Serial enviado: 0
2026-03-16 22:27:48,296 - cli.textual_controller - INFO - Serial enviado: 0
2026-03-16 22:27:49,296 - cli.textual_controller - INFO - Serial enviado: 0
2026-03-16 22:27:50,296 - cli.textual_controller - INFO - Serial enviado: 0
2026-03-16 22:27:51,295 - cli.textual_controller - INFO - Serial enviado: 0
2026-03-16 22:27:52,296 - cli.textual_controller - INFO - Serial enviado: 0
2026-03-16 22:27:53,296 - cli.textual_controller - INFO - Serial enviado: 0
2026-03-16 22:27:54,296 - cli.textual_controller - INFO - Serial enviado: 0
2026-03-16 22:27:55,296 - cli.textual_controller - INFO - Serial enviado: 0
2026-03-16 22:27:56,296 - cli.textual_controller - INFO - Serial enviado: 0
2026-03-16 22:27:57,296 - cli.textual_controller - INFO - Serial enviado: 0
2026-03-16 22:27:57,405 - cli.modals.user_modals - INFO - Usuário adicionado: cartao (0004055508)
2026-03-16 22:27:58,295 - cli.textual_controller - INFO - Serial enviado: 0
2026-03-16 22:27:59,296 - cli.textual_controller - INFO - Serial enviado: 0
2026-03-16 22:28:00,296 - cli.textual_controller - INFO - Serial enviado: 0
2026-03-16 22:28:01,296 - cli.textual_controller - INFO - Serial enviado: 0
2026-03-16 22:28:02,296 - cli.textual_controller - INFO - Serial enviado: 0
2026-03-16 22:28:03,296 - cli.textual_controller - INFO - Serial enviado: 0
2026-03-16 22:28:04,296 - cli.textual_controller - INFO - Serial enviado: 0
2026-03-16 22:28:05,295 - cli.textual_controller - INFO - Serial enviado: 0
2026-03-16 22:28:06,295 - cli.textual_controller - INFO - Serial enviado: 0
2026-03-16 22:28:07,295 - cli.textual_controller - INFO - Serial enviado: 0
2026-03-16 22:28:08,296 - cli.textual_controller - INFO - Serial enviado: 0
2026-03-16 22:28:09,296 - cli.textual_controller - INFO - Serial enviado: 0
2026-03-16 22:28:10,297 - cli.textual_controller - INFO - Serial enviado: 0
2026-03-16 22:28:11,296 - cli.textual_controller - INFO - Serial enviado: 0
2026-03-16 22:28:12,296 - cli.textual_controller - INFO - Serial enviado: 0
2026-03-16 22:28:12,620 - cli.textual_controller - INFO - Tentando navegar para: validation
2026-03-16 22:28:12,621 - cli.textual_controller - INFO - Navegado para: validation
2026-03-16 22:28:13,296 - cli.textual_controller - INFO - Serial enviado: 0
2026-03-16 22:28:14,296 - cli.textual_controller - INFO - Serial enviado: 0
2026-03-16 22:28:15,296 - cli.textual_controller - INFO - Serial enviado: 0
2026-03-16 22:28:16,296 - cli.textual_controller - INFO - Serial enviado: 0
2026-03-16 22:28:17,296 - cli.textual_controller - INFO - Serial enviado: 0
2026-03-16 22:28:18,296 - cli.textual_controller - INFO - Serial enviado: 0
2026-03-16 22:28:19,296 - cli.textual_controller - INFO - Serial enviado: 0
2026-03-16 22:28:20,296 - cli.textual_controller - INFO - Serial enviado: 0
2026-03-16 22:28:21,296 - cli.textual_controller - INFO - Serial enviado: 0
2026-03-16 22:28:22,296 - cli.textual_controller - INFO - Serial enviado: 0
2026-03-16 22:28:23,296 - cli.textual_controller - INFO - Serial enviado: 0
2026-03-16 22:28:24,296 - cli.textual_controller - INFO - Serial enviado: 0
2026-03-16 22:28:25,296 - cli.textual_controller - INFO - Serial enviado: 0
2026-03-16 22:28:26,296 - cli.textual_controller - INFO - Serial enviado: 0
2026-03-16 22:28:27,296 - cli.textual_controller - INFO - Serial enviado: 0
2026-03-16 22:28:28,641 - cli.textual_controller - INFO - Serial enviado: 0
2026-03-16 22:28:29,296 - cli.textual_controller - INFO - Serial enviado: 0
2026-03-16 22:28:32,278 - cli.textual_controller - INFO - Serial enviado: 0
2026-03-16 22:28:33,295 - cli.textual_controller - INFO - Serial enviado: 0
2026-03-16 22:28:35,916 - cli.textual_controller - INFO - Serial enviado: 0
2026-03-16 22:28:37,296 - cli.textual_controller - INFO - Serial enviado: 0
2026-03-16 22:28:39,553 - cli.textual_controller - INFO - Serial enviado: 0
2026-03-16 22:28:41,296 - cli.textual_controller - INFO - Serial enviado: 0
2026-03-16 22:28:43,191 - cli.textual_controller - INFO - Serial enviado: 0
2026-03-16 22:28:43,295 - cli.textual_controller - INFO - Serial enviado: 0
2026-03-16 22:28:46,828 - cli.textual_controller - INFO - Serial enviado: 0
2026-03-16 22:28:48,296 - cli.textual_controller - INFO - Serial enviado: 0
2026-03-16 22:28:50,465 - cli.textual_controller - INFO - Serial enviado: 0
2026-03-16 22:28:52,295 - cli.textual_controller - INFO - Serial enviado: 0
2026-03-16 22:28:54,103 - cli.textual_controller - INFO - Serial enviado: 0
2026-03-16 22:28:54,296 - cli.textual_controller - INFO - Serial enviado: 0
2026-03-16 22:28:55,296 - cli.textual_controller - INFO - Serial enviado: 0
2026-03-16 22:28:57,740 - cli.textual_controller - INFO - Serial enviado: 0
2026-03-16 22:28:59,296 - cli.textual_controller - INFO - Serial enviado: 0
2026-03-16 22:29:03,196 - cli.textual_controller - INFO - Serial enviado: 0
2026-03-16 22:29:04,296 - cli.textual_controller - INFO - Serial enviado: 0
2026-03-16 22:29:06,833 - cli.textual_controller - INFO - Serial enviado: 0
2026-03-16 22:29:08,296 - cli.textual_controller - INFO - Serial enviado: 0
2026-03-16 22:29:10,471 - cli.textual_controller - INFO - Serial enviado: 0
2026-03-16 22:29:12,296 - cli.textual_controller - INFO - Serial enviado: 0
2026-03-16 22:29:14,108 - cli.textual_controller - INFO - Serial enviado: 0
2026-03-16 22:29:14,295 - cli.textual_controller - INFO - Serial enviado: 0
2026-03-16 22:29:15,296 - cli.textual_controller - INFO - Serial enviado: 0
2026-03-16 22:29:17,747 - cli.textual_controller - INFO - Serial enviado: 0
2026-03-16 22:29:19,296 - cli.textual_controller - INFO - Serial enviado: 0
2026-03-16 22:29:23,202 - cli.textual_controller - INFO - Serial enviado: 0
2026-03-16 22:29:24,295 - cli.textual_controller - INFO - Serial enviado: 0
2026-03-16 22:29:26,841 - cli.textual_controller - INFO - Serial enviado: 0
2026-03-16 22:29:28,296 - cli.textual_controller - INFO - Serial enviado: 0
2026-03-16 22:29:30,477 - cli.textual_controller - INFO - Serial enviado: 0
2026-03-16 22:29:30,497 - cli.textual_controller - INFO - Serial enviado: 1
2026-03-16 22:29:32,826 - cli.textual_controller - INFO - Serial enviado: 1
2026-03-16 22:29:36,497 - cli.textual_controller - INFO - Serial enviado: 0
2026-03-16 22:29:37,296 - cli.textual_controller - INFO - Serial enviado: 0
2026-03-16 22:29:38,965 - cli.textual_controller - INFO - Serial enviado: 0
2026-03-16 22:29:38,973 - cli.textual_controller - INFO - Serial enviado: 0
2026-03-16 22:29:39,297 - cli.textual_controller - INFO - Serial enviado: 0
2026-03-16 22:29:42,602 - cli.textual_controller - INFO - Serial enviado: 0
2026-03-16 22:29:42,606 - cli.textual_controller - INFO - Serial enviado: 0
2026-03-16 22:29:42,705 - cli.textual_controller - INFO - Serial enviado: 1
2026-03-16 22:29:48,058 - cli.textual_controller - INFO - Serial enviado: 0
2026-03-16 22:29:48,061 - cli.textual_controller - INFO - Serial enviado: 0
2026-03-16 22:29:48,296 - cli.textual_controller - INFO - Serial enviado: 0
2026-03-16 22:29:55,029 - cli.textual_controller - INFO - Serial enviado: 0
2026-03-16 22:29:55,034 - cli.textual_controller - INFO - Serial enviado: 0
2026-03-16 22:29:55,234 - cli.textual_controller - INFO - Serial enviado: 1
2026-03-16 22:29:59,296 - cli.textual_controller - INFO - Serial enviado: 0
2026-03-16 22:30:02,002 - cli.textual_controller - INFO - Serial enviado: 0
2026-03-16 22:30:02,010 - cli.textual_controller - INFO - Serial enviado: 0
2026-03-16 22:30:03,296 - cli.textual_controller - INFO - Serial enviado: 0
2026-03-16 22:30:05,640 - cli.textual_controller - INFO - Serial enviado: 0
2026-03-16 22:30:05,648 - cli.textual_controller - INFO - Serial enviado: 0
2026-03-16 22:30:07,296 - cli.textual_controller - INFO - Serial enviado: 0
2026-03-16 22:30:11,095 - cli.textual_controller - INFO - Serial enviado: 0
2026-03-16 22:30:11,104 - cli.textual_controller - INFO - Serial enviado: 0
2026-03-16 22:30:11,299 - cli.textual_controller - INFO - Serial enviado: 1
2026-03-16 22:30:16,551 - cli.textual_controller - INFO - Serial enviado: 0
2026-03-16 22:30:16,560 - cli.textual_controller - INFO - Serial enviado: 0
2026-03-16 22:30:16,756 - cli.textual_controller - INFO - Serial enviado: 0
2026-03-16 22:30:21,705 - cli.textual_controller - INFO - Serial enviado: 0
2026-03-16 22:30:21,707 - cli.textual_controller - INFO - Serial enviado: 0
2026-03-16 22:30:23,296 - cli.textual_controller - INFO - Serial enviado: 0
2026-03-16 22:30:28,979 - cli.textual_controller - INFO - Serial enviado: 0
2026-03-16 22:30:28,988 - cli.textual_controller - INFO - Serial enviado: 0
2026-03-16 22:30:29,498 - cli.textual_controller - INFO - Serial enviado: 1
2026-03-16 22:30:33,498 - cli.textual_controller - INFO - Serial enviado: 0
2026-03-16 22:30:35,952 - cli.textual_controller - INFO - Serial enviado: 0
2026-03-16 22:30:35,954 - cli.textual_controller - INFO - Serial enviado: 0
2026-03-16 22:30:37,296 - cli.textual_controller - INFO - Serial enviado: 0
2026-03-16 22:30:41,408 - cli.textual_controller - INFO - Serial enviado: 0
2026-03-16 22:30:41,416 - cli.textual_controller - INFO - Serial enviado: 0
2026-03-16 22:30:42,499 - cli.textual_controller - INFO - Serial enviado: 0
2026-03-16 22:30:45,046 - cli.textual_controller - INFO - Serial enviado: 0
2026-03-16 22:30:45,050 - cli.textual_controller - INFO - Serial enviado: 0
2026-03-16 22:30:45,148 - cli.textual_controller - INFO - Serial enviado: 1
2026-03-16 22:30:50,501 - cli.textual_controller - INFO - Serial enviado: 0
2026-03-16 22:30:50,503 - cli.textual_controller - INFO - Serial enviado: 0
2026-03-16 22:30:52,296 - cli.textual_controller - INFO - Serial enviado: 0
2026-03-16 22:30:57,472 - cli.textual_controller - INFO - Serial enviado: 0
2026-03-16 22:30:57,481 - cli.textual_controller - INFO - Serial enviado: 0
2026-03-16 22:30:57,778 - cli.textual_controller - INFO - Serial enviado: 1
2026-03-16 22:31:01,779 - cli.textual_controller - INFO - Serial enviado: 0
2026-03-16 22:31:04,446 - cli.textual_controller - INFO - Serial enviado: 0
2026-03-16 22:31:04,448 - cli.textual_controller - INFO - Serial enviado: 0
2026-03-16 22:31:05,498 - cli.textual_controller - INFO - Serial enviado: 0
2026-03-16 22:31:09,901 - cli.textual_controller - INFO - Serial enviado: 0
2026-03-16 22:31:09,903 - cli.textual_controller - INFO - Serial enviado: 0
2026-03-16 22:31:11,296 - cli.textual_controller - INFO - Serial enviado: 0
2026-03-16 22:31:15,357 - cli.textual_controller - INFO - Serial enviado: 0
2026-03-16 22:31:15,359 - cli.textual_controller - INFO - Tentando navegar para: help
2026-03-16 22:31:15,359 - cli.textual_controller - INFO - Navegado para: help
2026-03-16 22:31:15,361 - cli.textual_controller - INFO - Serial enviado: 0
2026-03-16 22:31:15,575 - cli.textual_controller - INFO - Tentando navegar para: validation
2026-03-16 22:31:15,576 - cli.textual_controller - INFO - Navegado para: validation
2026-03-16 22:31:16,394 - cli.textual_controller - INFO - Tentando navegar para: help
2026-03-16 22:31:16,395 - cli.textual_controller - INFO - Navegado para: help
2026-03-16 22:31:16,499 - cli.textual_controller - INFO - Serial enviado: 0
2026-03-16 22:31:18,996 - cli.textual_controller - INFO - Serial enviado: 0
2026-03-16 22:31:18,998 - cli.textual_controller - INFO - Serial enviado: 0
2026-03-16 22:31:20,296 - cli.textual_controller - INFO - Serial enviado: 0
2026-03-16 22:31:24,451 - cli.textual_controller - INFO - Serial enviado: 0
2026-03-16 22:31:24,453 - cli.textual_controller - INFO - Serial enviado: 0
2026-03-16 22:31:25,498 - cli.textual_controller - INFO - Serial enviado: 0
2026-03-16 22:31:31,725 - cli.textual_controller - INFO - Serial enviado: 0
2026-03-16 22:31:31,727 - cli.textual_controller - INFO - Serial enviado: 0
2026-03-16 22:31:33,296 - cli.textual_controller - INFO - Serial enviado: 0
2026-03-16 22:31:37,181 - cli.textual_controller - INFO - Serial enviado: 0
2026-03-16 22:31:37,183 - cli.textual_controller - INFO - Serial enviado: 0
2026-03-16 22:31:38,296 - cli.textual_controller - INFO - Serial enviado: 0
2026-03-16 22:31:42,638 - cli.textual_controller - INFO - Serial enviado: 0
2026-03-16 22:31:42,640 - cli.textual_controller - INFO - Serial enviado: 0
2026-03-16 22:31:44,296 - cli.textual_controller - INFO - Serial enviado: 0
2026-03-16 22:31:48,094 - cli.textual_controller - INFO - Serial enviado: 0
2026-03-16 22:31:48,096 - cli.textual_controller - INFO - Serial enviado: 0
2026-03-16 22:31:49,296 - cli.textual_controller - INFO - Serial enviado: 0
2026-03-16 22:31:53,550 - cli.textual_controller - INFO - Serial enviado: 0
2026-03-16 22:31:53,553 - cli.textual_controller - INFO - Serial enviado: 0
2026-03-16 22:31:55,296 - cli.textual_controller - INFO - Serial enviado: 0
2026-03-16 22:31:59,006 - cli.textual_controller - INFO - Serial enviado: 0
2026-03-16 22:31:59,008 - cli.textual_controller - INFO - Serial enviado: 0
2026-03-16 22:32:00,296 - cli.textual_controller - INFO - Serial enviado: 0
2026-03-16 22:32:04,463 - cli.textual_controller - INFO - Serial enviado: 0
2026-03-16 22:32:04,466 - cli.textual_controller - INFO - Serial enviado: 0
2026-03-16 22:32:05,498 - cli.textual_controller - INFO - Serial enviado: 0
2026-03-16 22:32:09,919 - cli.textual_controller - INFO - Serial enviado: 0
2026-03-16 22:32:09,921 - cli.textual_controller - INFO - Serial enviado: 0
2026-03-16 22:32:11,296 - cli.textual_controller - INFO - Serial enviado: 0
2026-03-16 22:32:15,375 - cli.textual_controller - INFO - Serial enviado: 0
2026-03-16 22:32:15,377 - cli.textual_controller - INFO - Serial enviado: 0
2026-03-16 22:32:16,498 - cli.textual_controller - INFO - Serial enviado: 0
2026-03-16 22:32:20,831 - cli.textual_controller - INFO - Serial enviado: 0
2026-03-16 22:32:20,833 - cli.textual_controller - INFO - Serial enviado: 0
2026-03-16 22:32:22,296 - cli.textual_controller - INFO - Serial enviado: 0
2026-03-16 22:32:26,288 - cli.textual_controller - INFO - Serial enviado: 0
2026-03-16 22:32:26,290 - cli.textual_controller - INFO - Serial enviado: 0
2026-03-16 22:32:27,296 - cli.textual_controller - INFO - Serial enviado: 0
2026-03-16 22:32:31,744 - cli.textual_controller - INFO - Serial enviado: 0
2026-03-16 22:32:31,747 - cli.textual_controller - INFO - Serial enviado: 0
2026-03-16 22:32:33,296 - cli.textual_controller - INFO - Serial enviado: 0
2026-03-16 22:32:37,200 - cli.textual_controller - INFO - Serial enviado: 0
2026-03-16 22:32:37,202 - cli.textual_controller - INFO - Serial enviado: 0
2026-03-16 22:32:38,296 - cli.textual_controller - INFO - Serial enviado: 0
2026-03-16 22:32:42,656 - cli.textual_controller - INFO - Serial enviado: 0
2026-03-16 22:32:42,658 - cli.textual_controller - INFO - Serial enviado: 0
2026-03-16 22:32:44,296 - cli.textual_controller - INFO - Serial enviado: 0
2026-03-16 22:32:48,113 - cli.textual_controller - INFO - Serial enviado: 0
2026-03-16 22:32:48,115 - cli.textual_controller - INFO - Serial enviado: 0
2026-03-16 22:32:49,296 - cli.textual_controller - INFO - Serial enviado: 0
2026-03-16 22:32:53,569 - cli.textual_controller - INFO - Serial enviado: 0
2026-03-16 22:32:53,571 - cli.textual_controller - INFO - Serial enviado: 0
2026-03-16 22:32:55,296 - cli.textual_controller - INFO - Serial enviado: 0
2026-03-16 22:32:59,025 - cli.textual_controller - INFO - Serial enviado: 0
2026-03-16 22:32:59,027 - cli.textual_controller - INFO - Serial enviado: 0
2026-03-16 22:33:00,296 - cli.textual_controller - INFO - Serial enviado: 0
2026-03-16 22:33:04,481 - cli.textual_controller - INFO - Serial enviado: 0
2026-03-16 22:33:04,483 - cli.textual_controller - INFO - Serial enviado: 0
2026-03-16 22:33:05,498 - cli.textual_controller - INFO - Serial enviado: 0
2026-03-16 22:33:09,938 - cli.textual_controller - INFO - Serial enviado: 0
2026-03-16 22:33:09,939 - cli.textual_controller - INFO - Serial enviado: 0
2026-03-16 22:33:11,296 - cli.textual_controller - INFO - Serial enviado: 0
2026-03-16 22:33:15,393 - cli.textual_controller - INFO - Serial enviado: 0
2026-03-16 22:33:15,395 - cli.textual_controller - INFO - Serial enviado: 0
2026-03-16 22:33:16,498 - cli.textual_controller - INFO - Serial enviado: 0
2026-03-16 22:33:20,850 - cli.textual_controller - INFO - Serial enviado: 0
2026-03-16 22:33:20,851 - cli.textual_controller - INFO - Serial enviado: 0
2026-03-16 22:33:22,295 - cli.textual_controller - INFO - Serial enviado: 0
2026-03-16 22:33:26,306 - cli.textual_controller - INFO - Serial enviado: 0
2026-03-16 22:33:26,308 - cli.textual_controller - INFO - Serial enviado: 0
2026-03-16 22:33:27,498 - cli.textual_controller - INFO - Serial enviado: 0
2026-03-16 22:33:31,763 - cli.textual_controller - INFO - Serial enviado: 0
2026-03-16 22:33:31,765 - cli.textual_controller - INFO - Serial enviado: 0
2026-03-16 22:33:33,296 - cli.textual_controller - INFO - Serial enviado: 0
2026-03-16 22:33:37,218 - cli.textual_controller - INFO - Serial enviado: 0
2026-03-16 22:33:37,221 - cli.textual_controller - INFO - Serial enviado: 0
2026-03-16 22:33:38,296 - cli.textual_controller - INFO - Serial enviado: 0
2026-03-16 22:33:42,675 - cli.textual_controller - INFO - Serial enviado: 0
2026-03-16 22:33:42,677 - cli.textual_controller - INFO - Serial enviado: 0
2026-03-16 22:33:44,296 - cli.textual_controller - INFO - Serial enviado: 0
2026-03-16 22:33:48,131 - cli.textual_controller - INFO - Serial enviado: 0
2026-03-16 22:33:48,132 - cli.textual_controller - INFO - Serial enviado: 0
2026-03-16 22:33:49,296 - cli.textual_controller - INFO - Serial enviado: 0
2026-03-16 22:33:53,587 - cli.textual_controller - INFO - Serial enviado: 0
2026-03-16 22:33:53,589 - cli.textual_controller - INFO - Serial enviado: 0
2026-03-16 22:33:55,295 - cli.textual_controller - INFO - Serial enviado: 0
2026-03-16 22:33:59,043 - cli.textual_controller - INFO - Serial enviado: 0
2026-03-16 22:33:59,045 - cli.textual_controller - INFO - Serial enviado: 0
2026-03-16 22:34:00,296 - cli.textual_controller - INFO - Serial enviado: 0
2026-03-16 22:34:04,499 - cli.textual_controller - INFO - Serial enviado: 0
2026-03-16 22:34:04,501 - cli.textual_controller - INFO - Serial enviado: 0
2026-03-16 22:34:06,296 - cli.textual_controller - INFO - Serial enviado: 0
2026-03-16 22:34:09,955 - cli.textual_controller - INFO - Serial enviado: 0
2026-03-16 22:34:09,957 - cli.textual_controller - INFO - Serial enviado: 0
2026-03-16 22:34:11,296 - cli.textual_controller - INFO - Serial enviado: 0
2026-03-16 22:34:15,412 - cli.textual_controller - INFO - Serial enviado: 0
2026-03-16 22:34:15,415 - cli.textual_controller - INFO - Serial enviado: 0
2026-03-16 22:34:16,498 - cli.textual_controller - INFO - Serial enviado: 0
2026-03-16 22:34:20,868 - cli.textual_controller - INFO - Serial enviado: 0
2026-03-16 22:34:20,870 - cli.textual_controller - INFO - Serial enviado: 0
2026-03-16 22:34:22,296 - cli.textual_controller - INFO - Serial enviado: 0
2026-03-16 22:34:26,324 - cli.textual_controller - INFO - Serial enviado: 0
2026-03-16 22:34:26,326 - cli.textual_controller - INFO - Serial enviado: 0
2026-03-16 22:34:27,498 - cli.textual_controller - INFO - Serial enviado: 0
2026-03-16 22:34:31,780 - cli.textual_controller - INFO - Serial enviado: 0
2026-03-16 22:34:31,783 - cli.textual_controller - INFO - Serial enviado: 0
2026-03-16 22:34:33,296 - cli.textual_controller - INFO - Serial enviado: 0
2026-03-16 22:34:37,236 - cli.textual_controller - INFO - Serial enviado: 0
2026-03-16 22:34:37,238 - cli.textual_controller - INFO - Serial enviado: 0
2026-03-16 22:34:38,297 - cli.textual_controller - INFO - Serial enviado: 0
2026-03-16 22:34:42,693 - cli.textual_controller - INFO - Serial enviado: 0
2026-03-16 22:34:42,695 - cli.textual_controller - INFO - Serial enviado: 0
2026-03-16 22:34:44,296 - cli.textual_controller - INFO - Serial enviado: 0
2026-03-16 22:34:48,149 - cli.textual_controller - INFO - Serial enviado: 0
2026-03-16 22:34:48,151 - cli.textual_controller - INFO - Serial enviado: 0
2026-03-16 22:34:49,296 - cli.textual_controller - INFO - Serial enviado: 0
2026-03-16 22:34:53,605 - cli.textual_controller - INFO - Serial enviado: 0
2026-03-16 22:34:53,607 - cli.textual_controller - INFO - Serial enviado: 0
2026-03-16 22:34:55,295 - cli.textual_controller - INFO - Serial enviado: 0
2026-03-16 22:34:59,061 - cli.textual_controller - INFO - Serial enviado: 0
2026-03-16 22:34:59,063 - cli.textual_controller - INFO - Serial enviado: 0
2026-03-16 22:35:00,296 - cli.textual_controller - INFO - Serial enviado: 0
2026-03-16 22:35:04,518 - cli.textual_controller - INFO - Serial enviado: 0
2026-03-16 22:35:04,520 - cli.textual_controller - INFO - Serial enviado: 0
2026-03-16 22:35:06,296 - cli.textual_controller - INFO - Serial enviado: 0
2026-03-16 22:35:09,974 - cli.textual_controller - INFO - Serial enviado: 0
2026-03-16 22:35:09,976 - cli.textual_controller - INFO - Serial enviado: 0
2026-03-16 22:35:11,296 - cli.textual_controller - INFO - Serial enviado: 0
2026-03-16 22:35:15,430 - cli.textual_controller - INFO - Serial enviado: 0
2026-03-16 22:35:15,432 - cli.textual_controller - INFO - Serial enviado: 0
2026-03-16 22:35:16,498 - cli.textual_controller - INFO - Serial enviado: 0
2026-03-16 22:35:20,886 - cli.textual_controller - INFO - Serial enviado: 0
2026-03-16 22:35:20,913 - cli.textual_controller - INFO - Serial enviado: 0
2026-03-16 22:35:22,296 - cli.textual_controller - INFO - Serial enviado: 0
2026-03-16 22:35:22,594 - cli.textual_controller - INFO - Serial desconectado
2026-03-16 22:35:25,042 - cli.textual_controller - INFO - Porta serial Linux detectada: /dev/ttyACM0
2026-03-16 22:35:25,042 - cli.textual_controller - INFO - Aplicação Textual iniciada
2026-03-16 22:35:25,057 - cli.textual_controller - INFO - Conectado à porta serial /dev/ttyACM0
2026-03-16 22:35:25,079 - cli.textual_controller - INFO - Telas instaladas, iniciando na validação
2026-03-16 22:35:29,959 - cli.textual_controller - INFO - Serial enviado: 1
2026-03-16 22:35:40,631 - cli.textual_controller - INFO - Serial enviado: 1
2026-03-16 22:35:45,961 - cli.textual_controller - INFO - Serial enviado: 0
2026-03-16 22:35:46,961 - cli.textual_controller - INFO - Serial enviado: 0
2026-03-16 22:35:47,961 - cli.textual_controller - INFO - Serial enviado: 0
2026-03-16 22:35:48,961 - cli.textual_controller - INFO - Serial enviado: 0
2026-03-16 22:35:49,511 - cli.textual_controller - INFO - Serial enviado: 1
2026-03-16 22:35:54,961 - cli.textual_controller - INFO - Serial enviado: 0
2026-03-16 22:35:55,961 - cli.textual_controller - INFO - Serial enviado: 0
2026-03-16 22:35:56,961 - cli.textual_controller - INFO - Serial enviado: 0
2026-03-16 22:35:57,961 - cli.textual_controller - INFO - Serial enviado: 0
2026-03-16 22:35:58,728 - cli.textual_controller - INFO - Serial enviado: 1
2026-03-16 22:36:03,961 - cli.textual_controller - INFO - Serial enviado: 0
2026-03-16 22:36:04,961 - cli.textual_controller - INFO - Serial enviado: 0
2026-03-16 22:36:05,961 - cli.textual_controller - INFO - Serial enviado: 0
2026-03-16 22:36:06,961 - cli.textual_controller - INFO - Serial enviado: 0
2026-03-16 22:36:07,911 - cli.textual_controller - INFO - Serial enviado: 1
2026-03-16 22:36:12,961 - cli.textual_controller - INFO - Serial enviado: 0
2026-03-16 22:36:13,961 - cli.textual_controller - INFO - Serial enviado: 0
2026-03-16 22:36:14,961 - cli.textual_controller - INFO - Serial enviado: 0
2026-03-16 22:36:15,961 - cli.textual_controller - INFO - Serial enviado: 0
2026-03-16 22:36:16,961 - cli.textual_controller - INFO - Serial enviado: 0
2026-03-16 22:36:17,463 - cli.textual_controller - INFO - Serial enviado: 1
2026-03-16 22:36:22,961 - cli.textual_controller - INFO - Serial enviado: 0
2026-03-16 22:36:23,961 - cli.textual_controller - INFO - Serial enviado: 0
2026-03-16 22:36:24,961 - cli.textual_controller - INFO - Serial enviado: 0
2026-03-16 22:36:25,961 - cli.textual_controller - INFO - Serial enviado: 0
2026-03-16 22:36:26,961 - cli.textual_controller - INFO - Serial enviado: 0
2026-03-16 22:36:27,639 - cli.textual_controller - INFO - Serial enviado: 1
2026-03-16 22:36:32,961 - cli.textual_controller - INFO - Serial enviado: 0
2026-03-16 22:36:33,960 - cli.textual_controller - INFO - Serial enviado: 0
2026-03-16 22:36:34,961 - cli.textual_controller - INFO - Serial enviado: 0
2026-03-16 22:36:35,961 - cli.textual_controller - INFO - Serial enviado: 0
2026-03-16 22:36:36,961 - cli.textual_controller - INFO - Serial enviado: 0
2026-03-16 22:36:37,961 - cli.textual_controller - INFO - Serial enviado: 0
2026-03-16 22:36:38,960 - cli.textual_controller - INFO - Serial enviado: 0
2026-03-16 22:36:39,961 - cli.textual_controller - INFO - Serial enviado: 0
2026-03-16 22:36:40,961 - cli.textual_controller - INFO - Serial enviado: 0
2026-03-16 22:36:41,961 - cli.textual_controller - INFO - Serial enviado: 0
2026-03-16 22:36:42,961 - cli.textual_controller - INFO - Serial enviado: 0
2026-03-16 22:36:43,961 - cli.textual_controller - INFO - Serial enviado: 0
2026-03-16 22:36:44,961 - cli.textual_controller - INFO - Serial enviado: 0
2026-03-16 22:36:45,961 - cli.textual_controller - INFO - Serial enviado: 0
2026-03-16 22:36:46,961 - cli.textual_controller - INFO - Serial enviado: 0
2026-03-16 22:36:47,962 - cli.textual_controller - INFO - Serial enviado: 0
2026-03-16 22:36:48,087 - cli.textual_controller - INFO - Serial enviado: 1
2026-03-16 22:36:53,961 - cli.textual_controller - INFO - Serial enviado: 0
2026-03-16 22:36:54,961 - cli.textual_controller - INFO - Serial enviado: 0
2026-03-16 22:36:55,961 - cli.textual_controller - INFO - Serial enviado: 0
2026-03-16 22:36:56,961 - cli.textual_controller - INFO - Serial enviado: 0
2026-03-16 22:36:57,961 - cli.textual_controller - INFO - Serial enviado: 0
2026-03-16 22:36:58,961 - cli.textual_controller - INFO - Serial enviado: 0
2026-03-16 22:36:59,461 - cli.textual_controller - INFO - Serial desconectado
