2026-02-14 20:02:38,208 - cli.textual_controller - INFO - AplicaþÒo Textual iniciada
2026-02-14 20:02:38,252 - cli.textual_controller - INFO - Telas instaladas, iniciando na validaþÒo
2026-02-14 20:02:47,320 - cli.views.validation_view - WARNING - Tag nÒo cadastrada
2026-02-14 20:02:50,113 - cli.views.validation_view - WARNING - Tag nÒo cadastrada
2026-02-14 20:02:52,197 - cli.views.validation_view - WARNING - Tag nÒo cadastrada
2026-02-14 20:02:57,076 - cli.views.validation_view - WARNING - Tag nÒo cadastrada
2026-02-14 20:03:02,148 - cli.views.validation_view - WARNING - Tag nÒo cadastrada
2026-02-14 20:03:05,018 - cli.views.validation_view - WARNING - Tag nÒo cadastrada
2026-02-14 20:03:07,426 - cli.views.validation_view - WARNING - Tag nÒo cadastrada
2026-02-14 20:03:15,181 - cli.views.validation_view - INFO - Usußrio Debora liberado
2026-02-14 20:03:24,653 - cli.textual_controller - INFO - Tentando navegar para: validation
2026-02-14 20:03:24,654 - cli.textual_controller - INFO - Navegado para: validation
2026-02-14 20:03:25,388 - cli.textual_controller - INFO - Tentando navegar para: users
2026-02-14 20:03:25,388 - cli.textual_controller - WARNING - Acesso negado a users - nÒo autenticado
2026-02-14 20:03:25,399 - cli.textual_controller - INFO - Navegado para: login
2026-02-14 20:03:30,454 - cli.views.login_view - INFO - Login realizado com sucesso: admin
2026-02-14 20:04:14,974 - cli.textual_controller - INFO - AplicaþÒo Textual iniciada
2026-02-14 20:04:15,018 - cli.textual_controller - INFO - Telas instaladas, iniciando na validaþÒo
2026-02-14 20:04:16,695 - cli.views.validation_view - WARNING - Tag nÒo cadastrada
2026-02-14 20:04:18,004 - cli.views.validation_view - WARNING - Tag nÒo cadastrada
2026-02-14 20:04:20,069 - cli.textual_controller - INFO - Tentando navegar para: validation
2026-02-14 20:04:20,070 - cli.textual_controller - INFO - Navegado para: validation
2026-02-14 20:04:20,846 - cli.textual_controller - INFO - Tentando navegar para: validation
2026-02-14 20:04:20,847 - cli.textual_controller - INFO - Navegado para: validation
2026-02-14 20:04:21,268 - cli.textual_controller - INFO - Tentando navegar para: users
2026-02-14 20:04:21,268 - cli.textual_controller - WARNING - Acesso negado a users - nÒo autenticado
2026-02-14 20:04:21,290 - cli.textual_controller - INFO - Navegado para: login
2026-02-14 20:04:21,996 - cli.textual_controller - INFO - Tentando navegar para: history
2026-02-14 20:04:21,996 - cli.textual_controller - WARNING - Acesso negado a history - nÒo autenticado
2026-02-14 20:04:21,997 - cli.textual_controller - INFO - Navegado para: login
2026-02-14 20:04:22,723 - cli.textual_controller - INFO - Tentando navegar para: profile
2026-02-14 20:04:22,723 - cli.textual_controller - WARNING - Acesso negado a profile - nÒo autenticado
2026-02-14 20:04:22,724 - cli.textual_controller - INFO - Navegado para: login
2026-02-14 20:04:25,315 - cli.textual_controller - INFO - Tentando navegar para: validation
2026-02-14 20:04:25,315 - cli.textual_controller - INFO - Navegado para: validation
2026-02-14 20:04:26,089 - cli.textual_controller - INFO - Tentando navegar para: users
2026-02-14 20:04:26,089 - cli.textual_controller - WARNING - Acesso negado a users - nÒo autenticado
2026-02-14 20:04:26,090 - cli.textual_controller - INFO - Navegado para: login
2026-02-14 20:04:31,590 - cli.views.login_view - INFO - Login realizado com sucesso: admin
2026-02-14 20:04:31,590 - cli.textual_controller - INFO - Login bem-sucedido
2026-02-14 20:04:31,590 - cli.textual_controller - INFO - Tentando navegar para: users
2026-02-14 20:04:31,598 - cli.textual_controller - INFO - Navegado para: users
2026-02-14 20:04:43,040 - cli.textual_controller - INFO - Tentando navegar para: profile
2026-02-14 20:04:43,051 - cli.textual_controller - INFO - Navegado para: profile
2026-02-14 20:04:43,143 - cli.textual_controller - INFO - Tentando navegar para: history
2026-02-14 20:04:43,152 - cli.textual_controller - INFO - Navegado para: history
2026-02-14 20:04:44,651 - cli.textual_controller - INFO - Tentando navegar para: history
2026-02-14 20:04:44,652 - cli.textual_controller - INFO - Navegado para: history
2026-02-14 20:04:50,133 - cli.textual_controller - INFO - Tentando navegar para: profile
2026-02-14 20:04:50,134 - cli.textual_controller - INFO - Navegado para: profile
2026-02-14 20:05:28,969 - cli.textual_controller - INFO - Tentando navegar para: history
2026-02-14 20:05:28,970 - cli.textual_controller - INFO - Navegado para: history
2026-02-14 20:05:29,620 - cli.textual_controller - INFO - Tentando navegar para: users
2026-02-14 20:05:29,621 - cli.textual_controller - INFO - Navegado para: users
2026-02-14 20:05:30,951 - cli.textual_controller - INFO - Tentando navegar para: validation
2026-02-14 20:05:30,952 - cli.textual_controller - INFO - Navegado para: validation
2026-02-14 20:05:31,601 - cli.textual_controller - INFO - Tentando navegar para: users
2026-02-14 20:05:31,602 - cli.textual_controller - INFO - Navegado para: users
2026-02-14 20:05:32,949 - cli.textual_controller - INFO - Tentando navegar para: history
2026-02-14 20:05:32,950 - cli.textual_controller - INFO - Navegado para: history
2026-02-14 20:05:34,213 - cli.textual_controller - INFO - Tentando navegar para: profile
2026-02-14 20:05:34,214 - cli.textual_controller - INFO - Navegado para: profile
2026-02-14 20:05:36,328 - cli.textual_controller - INFO - Tentando navegar para: profile
2026-02-14 20:05:36,328 - cli.textual_controller - INFO - Navegado para: profile
2026-02-14 20:05:36,740 - cli.textual_controller - INFO - Tentando navegar para: history
2026-02-14 20:05:36,741 - cli.textual_controller - INFO - Navegado para: history
2026-02-14 20:05:37,241 - cli.textual_controller - INFO - Tentando navegar para: users
2026-02-14 20:05:37,242 - cli.textual_controller - INFO - Navegado para: users
2026-02-14 20:06:11,891 - cli.textual_controller - INFO - AplicaþÒo Textual iniciada
2026-02-14 20:06:11,917 - cli.textual_controller - INFO - Telas instaladas, iniciando na validaþÒo
2026-02-14 20:06:17,510 - cli.views.validation_view - WARNING - Tag nÒo cadastrada
2026-02-14 20:06:19,909 - cli.textual_controller - INFO - Tentando navegar para: users
2026-02-14 20:06:19,910 - cli.textual_controller - WARNING - Acesso negado a users - nÒo autenticado
2026-02-14 20:06:19,924 - cli.textual_controller - INFO - Navegado para: login
2026-02-14 20:06:24,885 - cli.views.login_view - INFO - Login realizado com sucesso: admin
2026-02-14 20:06:24,886 - cli.textual_controller - INFO - Login bem-sucedido
2026-02-14 20:06:24,886 - cli.textual_controller - INFO - Tentando navegar para: users
2026-02-14 20:06:24,894 - cli.textual_controller - INFO - Navegado para: users
2026-02-14 20:31:50,848 - cli.textual_controller - INFO - AplicaþÒo Textual iniciada
2026-02-14 20:31:50,874 - cli.textual_controller - INFO - Telas instaladas, iniciando na validaþÒo
2026-02-14 20:31:53,967 - cli.views.validation_view - INFO - Usußrio Debora liberado
2026-02-14 20:32:05,596 - cli.textual_controller - INFO - Tentando navegar para: users
2026-02-14 20:32:05,597 - cli.textual_controller - WARNING - Acesso negado a users - nÒo autenticado
2026-02-14 20:32:05,609 - cli.textual_controller - INFO - Navegado para: login
2026-02-14 20:32:10,693 - cli.views.login_view - INFO - Login realizado com sucesso: admin
2026-02-14 20:32:10,694 - cli.textual_controller - INFO - Login bem-sucedido
2026-02-14 20:32:10,694 - cli.textual_controller - INFO - Tentando navegar para: users
2026-02-14 20:32:10,702 - cli.textual_controller - INFO - Navegado para: users
2026-02-14 20:32:50,529 - cli.modals.user_modals - INFO - Usußrio adicionado: test (741852)
2026-02-14 20:32:57,120 - cli.textual_controller - INFO - Tentando navegar para: validation
2026-02-14 20:32:57,122 - cli.textual_controller - INFO - Navegado para: validation
2026-02-14 20:33:00,581 - cli.views.validation_view - INFO - Usußrio test liberado
2026-02-14 20:33:02,590 - cli.textual_controller - INFO - Tentando navegar para: users
2026-02-14 20:33:02,591 - cli.textual_controller - INFO - Navegado para: users
2026-02-14 20:33:04,175 - cli.textual_controller - INFO - Tentando navegar para: history
2026-02-14 20:33:04,183 - cli.textual_controller - INFO - Navegado para: history
2026-02-14 20:33:05,816 - cli.textual_controller - INFO - Tentando navegar para: profile
2026-02-14 20:33:05,827 - cli.textual_controller - INFO - Navegado para: profile
2026-02-14 20:33:08,300 - cli.textual_controller - INFO - Tentando navegar para: history
2026-02-14 20:33:08,301 - cli.textual_controller - INFO - Navegado para: history
2026-02-14 20:33:09,589 - cli.textual_controller - INFO - Tentando navegar para: profile
2026-02-14 20:33:09,589 - cli.textual_controller - INFO - Navegado para: profile
2026-02-14 20:33:20,364 - cli.views.admin_view - INFO - Logout realizado
2026-02-14 20:33:20,366 - cli.textual_controller - INFO - Logout realizado
2026-02-14 20:33:20,367 - cli.textual_controller - INFO - Navegado para: validation
2026-02-14 20:33:22,661 - cli.textual_controller - INFO - Tentando navegar para: validation
2026-02-14 20:33:22,661 - cli.textual_controller - INFO - Navegado para: validation
2026-02-14 20:33:23,142 - cli.textual_controller - INFO - Tentando navegar para: users
2026-02-14 20:33:23,143 - cli.textual_controller - WARNING - Acesso negado a users - nÒo autenticado
2026-02-14 20:33:23,143 - cli.textual_controller - INFO - Navegado para: login
2026-02-14 20:33:24,069 - cli.textual_controller - INFO - Tentando navegar para: users
2026-02-14 20:33:24,069 - cli.textual_controller - WARNING - Acesso negado a users - nÒo autenticado
2026-02-14 20:33:24,070 - cli.textual_controller - INFO - Navegado para: login
2026-02-14 20:33:24,303 - cli.textual_controller - INFO - Tentando navegar para: history
2026-02-14 20:33:24,303 - cli.textual_controller - WARNING - Acesso negado a history - nÒo autenticado
2026-02-14 20:33:24,304 - cli.textual_controller - INFO - Navegado para: login
2026-02-14 20:33:24,586 - cli.textual_controller - INFO - Tentando navegar para: profile
2026-02-14 20:33:24,586 - cli.textual_controller - WARNING - Acesso negado a profile - nÒo autenticado
2026-02-14 20:33:24,587 - cli.textual_controller - INFO - Navegado para: login
2026-02-14 20:33:25,162 - cli.textual_controller - INFO - Tentando navegar para: validation
2026-02-14 20:33:25,163 - cli.textual_controller - INFO - Navegado para: validation
2026-02-14 20:33:25,188 - cli.textual_controller - INFO - Tentando navegar para: users
2026-02-14 20:33:25,188 - cli.textual_controller - WARNING - Acesso negado a users - nÒo autenticado
2026-02-14 20:33:25,190 - cli.textual_controller - INFO - Navegado para: login
2026-02-14 20:33:25,402 - cli.textual_controller - INFO - Tentando navegar para: validation
2026-02-14 20:33:25,403 - cli.textual_controller - INFO - Navegado para: validation
2026-02-14 20:33:25,604 - cli.textual_controller - INFO - Tentando navegar para: validation
2026-02-14 20:33:25,604 - cli.textual_controller - INFO - Navegado para: validation
2026-02-14 20:33:25,804 - cli.textual_controller - INFO - Tentando navegar para: validation
2026-02-14 20:33:25,804 - cli.textual_controller - INFO - Navegado para: validation
2026-02-14 20:33:25,982 - cli.textual_controller - INFO - Tentando navegar para: validation
2026-02-14 20:33:25,982 - cli.textual_controller - INFO - Navegado para: validation
2026-02-14 20:33:26,132 - cli.textual_controller - INFO - Tentando navegar para: validation
2026-02-14 20:33:26,132 - cli.textual_controller - INFO - Navegado para: validation
2026-02-14 20:33:26,266 - cli.textual_controller - INFO - Tentando navegar para: validation
2026-02-14 20:33:26,267 - cli.textual_controller - INFO - Navegado para: validation
2026-02-14 20:33:26,415 - cli.textual_controller - INFO - Tentando navegar para: validation
2026-02-14 20:33:26,416 - cli.textual_controller - INFO - Navegado para: validation
2026-02-14 20:33:26,558 - cli.textual_controller - INFO - Tentando navegar para: validation
2026-02-14 20:33:26,559 - cli.textual_controller - INFO - Navegado para: validation
2026-02-14 20:33:26,860 - cli.textual_controller - INFO - Tentando navegar para: users
2026-02-14 20:33:26,861 - cli.textual_controller - WARNING - Acesso negado a users - nÒo autenticado
2026-02-14 20:33:26,862 - cli.textual_controller - INFO - Navegado para: login
2026-02-14 20:33:27,134 - cli.textual_controller - INFO - Tentando navegar para: users
2026-02-14 20:33:27,134 - cli.textual_controller - WARNING - Acesso negado a users - nÒo autenticado
2026-02-14 20:33:27,135 - cli.textual_controller - INFO - Navegado para: login
2026-02-14 20:33:27,312 - cli.textual_controller - INFO - Tentando navegar para: users
2026-02-14 20:33:27,312 - cli.textual_controller - WARNING - Acesso negado a users - nÒo autenticado
2026-02-14 20:33:27,313 - cli.textual_controller - INFO - Navegado para: login
2026-02-14 20:33:27,482 - cli.textual_controller - INFO - Tentando navegar para: users
2026-02-14 20:33:27,482 - cli.textual_controller - WARNING - Acesso negado a users - nÒo autenticado
2026-02-14 20:33:27,484 - cli.textual_controller - INFO - Navegado para: login
2026-02-14 20:33:27,632 - cli.textual_controller - INFO - Tentando navegar para: users
2026-02-14 20:33:27,633 - cli.textual_controller - WARNING - Acesso negado a users - nÒo autenticado
2026-02-14 20:33:27,633 - cli.textual_controller - INFO - Navegado para: login
2026-02-14 20:33:27,802 - cli.textual_controller - INFO - Tentando navegar para: users
2026-02-14 20:33:27,802 - cli.textual_controller - WARNING - Acesso negado a users - nÒo autenticado
2026-02-14 20:33:27,803 - cli.textual_controller - INFO - Navegado para: login
2026-02-14 20:33:27,982 - cli.textual_controller - INFO - Tentando navegar para: users
2026-02-14 20:33:27,982 - cli.textual_controller - WARNING - Acesso negado a users - nÒo autenticado
2026-02-14 20:33:27,983 - cli.textual_controller - INFO - Navegado para: login
2026-02-14 20:33:28,198 - cli.textual_controller - INFO - Tentando navegar para: validation
2026-02-14 20:33:28,199 - cli.textual_controller - INFO - Navegado para: validation
2026-02-15 15:47:43,720 - cli.textual_controller - INFO - AplicaþÒo Textual iniciada
2026-02-15 15:47:43,798 - cli.textual_controller - ERROR - Erro ao conectar serial COM15: could not open port 'COM15': FileNotFoundError(2, 'O sistema nÒo pode encontrar o arquivo especificado.', None, 2)
2026-02-15 15:47:43,812 - cli.textual_controller - INFO - Telas instaladas, iniciando na validaþÒo
2026-02-15 15:50:54,551 - cli.textual_controller - INFO - Sistema Windows detectado, usando porta padrÒo: COM15
2026-02-15 15:50:54,551 - cli.textual_controller - INFO - AplicaþÒo Textual iniciada
2026-02-15 15:50:54,567 - cli.textual_controller - ERROR - Erro ao conectar serial COM15: could not open port 'COM15': FileNotFoundError(2, 'O sistema nÒo pode encontrar o arquivo especificado.', None, 2)
2026-02-15 15:50:54,581 - cli.textual_controller - INFO - Telas instaladas, iniciando na validaþÒo
